<?xml version="1.0" encoding="UTF-8"?>
<!-- Generated by org.testng.reporters.JUnitReportReporter -->
<testsuite hostname="DESKTOP-QQ8RL6I" failures="0" tests="4" name="ikame.docxreader.testsuite.TS_06_DocxReader_Logic_Edit_Filter" time="196.471" errors="0" timestamp="15 May 2024 08:12:19 GMT">
  <testcase classname="ikame.docxreader.testsuite.TS_06_DocxReader_Logic_Edit_Filter" name="TC_003_Logic_Button_Filter_Done" time="48.107"/>
  <testcase classname="ikame.docxreader.testsuite.TS_06_DocxReader_Logic_Edit_Filter" name="TC_001_Logic_Button_Filter" time="45.979"/>
  <testcase classname="ikame.docxreader.testsuite.TS_06_DocxReader_Logic_Edit_Filter" name="TC_004_Logic_Button_Filter_Apply_All_To_Pages" time="56.109"/>
  <testcase classname="ikame.docxreader.testsuite.TS_06_DocxReader_Logic_Edit_Filter" name="TC_002_Logic_Button_Filter_CANCEL" time="46.276"/>
</testsuite> <!-- ikame.docxreader.testsuite.TS_06_DocxReader_Logic_Edit_Filter -->
