<?xml version="1.0" encoding="UTF-8"?>
<!-- Generated by org.testng.reporters.JUnitReportReporter -->
<testsuite hostname="DESKTOP-QQ8RL6I" failures="0" tests="1" name="ikame.docxreader.testsuite.TS_01_DocxReader_Logic_ManHinh_Camera" time="43.578" errors="0" timestamp="15 May 2024 08:26:08 GMT">
  <testcase classname="ikame.docxreader.testsuite.TS_01_DocxReader_Logic_ManHinh_Camera" name="TC_007_Logic_Camera_Grid_Mode" time="43.578"/>
</testsuite> <!-- ikame.docxreader.testsuite.TS_01_DocxReader_Logic_ManHinh_Camera -->
