<?xml version="1.0" encoding="UTF-8"?>
<!-- Generated by org.testng.reporters.JUnitReportReporter -->
<testsuite hostname="DESKTOP-QQ8RL6I" failures="0" tests="1" name="ikame.docxreader.testsuite.TS_11_DocxReader_Logic_Edit_Scrollbar" time="51.182" errors="0" timestamp="16 May 2024 04:36:11 GMT">
  <testcase classname="ikame.docxreader.testsuite.TS_11_DocxReader_Logic_Edit_Scrollbar" name="TC_001_Logic_Button_Delete_1Anh_Cancel" time="51.182"/>
</testsuite> <!-- ikame.docxreader.testsuite.TS_11_DocxReader_Logic_Edit_Scrollbar -->
