<?xml version="1.0" encoding="UTF-8"?>
<!-- Generated by org.testng.reporters.JUnitReportReporter -->
<testsuite hostname="DESKTOP-QQ8RL6I" failures="0" tests="1" name="ikame.docxreader.testsuite.TS_14_DocxReader_Logic_Edit_Save_Document" time="44.465" errors="0" timestamp="17 May 2024 03:51:52 GMT">
  <testcase classname="ikame.docxreader.testsuite.TS_14_DocxReader_Logic_Edit_Save_Document" name="TC_006_Edit_Save_Document_Home" time="44.465"/>
</testsuite> <!-- ikame.docxreader.testsuite.TS_14_DocxReader_Logic_Edit_Save_Document -->
