<?xml version="1.0" encoding="UTF-8"?>
<!-- Generated by org.testng.reporters.JUnitReportReporter -->
<testsuite hostname="DESKTOP-QQ8RL6I" failures="0" tests="1" name="ikame.docxreader.testsuite.TS_01_DocxReader_Logic_ManCamera" time="34.131" errors="0" timestamp="14 May 2024 08:23:33 GMT">
  <testcase classname="ikame.docxreader.testsuite.TS_01_DocxReader_Logic_ManCamera" name="TC_005_Logic_Camera_Single" time="34.131"/>
</testsuite> <!-- ikame.docxreader.testsuite.TS_01_DocxReader_Logic_ManCamera -->
