<?xml version="1.0" encoding="UTF-8"?>
<!-- Generated by org.testng.reporters.JUnitReportReporter -->
<testsuite hostname="DESKTOP-QQ8RL6I" failures="0" tests="4" name="ikame.docxreader.testsuite.TS_07_DocxReader_Logic_Edit_Filter" time="195.128" errors="0" timestamp="17 May 2024 07:12:47 GMT">
  <testcase classname="ikame.docxreader.testsuite.TS_07_DocxReader_Logic_Edit_Filter" name="TC_004_Logic_Button_Filter_Apply_All_To_Pages" time="50.962"/>
  <testcase classname="ikame.docxreader.testsuite.TS_07_DocxReader_Logic_Edit_Filter" name="TC_002_Logic_Button_Filter_CANCEL" time="42.418"/>
  <testcase classname="ikame.docxreader.testsuite.TS_07_DocxReader_Logic_Edit_Filter" name="TC_001_Logic_Button_Filter" time="49.244"/>
  <testcase classname="ikame.docxreader.testsuite.TS_07_DocxReader_Logic_Edit_Filter" name="TC_003_Logic_Button_Filter_Done" time="52.504"/>
</testsuite> <!-- ikame.docxreader.testsuite.TS_07_DocxReader_Logic_Edit_Filter -->
