<?xml version="1.0" encoding="UTF-8"?>
<!-- Generated by org.testng.reporters.JUnitReportReporter -->
<testsuite hostname="DESKTOP-QQ8RL6I" failures="0" tests="1" name="ikame.docxreader.testsuite.TS_12_DocxReader_Logic_Edit" time="54.463" errors="0" timestamp="16 May 2024 07:58:11 GMT">
  <testcase classname="ikame.docxreader.testsuite.TS_12_DocxReader_Logic_Edit" name="TC_006_Logic_Edit_Photo_Back_Discard" time="54.463"/>
</testsuite> <!-- ikame.docxreader.testsuite.TS_12_DocxReader_Logic_Edit -->
