<?xml version="1.0" encoding="UTF-8"?>
<!-- Generated by org.testng.reporters.JUnitReportReporter -->
<testsuite hostname="DESKTOP-QQ8RL6I" failures="0" tests="3" name="ikame.docxreader.testsuite.TS_09_DocxReader_Logic_Edit_Delete" time="165.781" errors="0" timestamp="17 May 2024 07:16:39 GMT">
  <testcase classname="ikame.docxreader.testsuite.TS_09_DocxReader_Logic_Edit_Delete" name="TC_001_Logic_Button_Delete_1Anh_Cancel" time="53.135"/>
  <testcase classname="ikame.docxreader.testsuite.TS_09_DocxReader_Logic_Edit_Delete" name="TC_002_Logic_Button_Delete_1Anh_XoaAnh" time="53.582"/>
  <testcase classname="ikame.docxreader.testsuite.TS_09_DocxReader_Logic_Edit_Delete" name="TC_003_Logic_Button_Delete_NhieuAnh_Xoa1Anh" time="59.064"/>
</testsuite> <!-- ikame.docxreader.testsuite.TS_09_DocxReader_Logic_Edit_Delete -->
