<?xml version="1.0" encoding="UTF-8"?>
<!-- Generated by org.testng.reporters.JUnitReportReporter -->
<testsuite hostname="DESKTOP-QQ8RL6I" failures="0" tests="1" name="ikame.docxreader.testsuite.TS_08_DocxReader_Logic_Edit_Signature" time="52.340" errors="0" timestamp="16 May 2024 02:32:22 GMT">
  <testcase classname="ikame.docxreader.testsuite.TS_08_DocxReader_Logic_Edit_Signature" name="TC_013_Logic_Button_Signature_History_Edit_Signature_Done" time="52.340"/>
</testsuite> <!-- ikame.docxreader.testsuite.TS_08_DocxReader_Logic_Edit_Signature -->
