<?xml version="1.0" encoding="UTF-8"?>
<!-- Generated by org.testng.reporters.JUnitReportReporter -->
<testsuite hostname="DESKTOP-QQ8RL6I" failures="0" tests="4" name="ikame.docxreader.testsuite.TS_02_DocxReader_Logic_Create_Camera" time="152.640" errors="0" timestamp="17 May 2024 06:52:00 GMT">
  <testcase classname="ikame.docxreader.testsuite.TS_02_DocxReader_Logic_Create_Camera" name="TC_002_Logic_Camera_Document" time="31.875"/>
  <testcase classname="ikame.docxreader.testsuite.TS_02_DocxReader_Logic_Create_Camera" name="TC_004_Logic_Camera_QR_Code" time="33.461"/>
  <testcase classname="ikame.docxreader.testsuite.TS_02_DocxReader_Logic_Create_Camera" name="TC_001_Logic_Camera_ID_Cards" time="36.315"/>
  <testcase classname="ikame.docxreader.testsuite.TS_02_DocxReader_Logic_Create_Camera" name="TC_003_Logic_Camera_To_Text" time="50.989"/>
</testsuite> <!-- ikame.docxreader.testsuite.TS_02_DocxReader_Logic_Create_Camera -->
