<?xml version="1.0" encoding="UTF-8"?>
<!-- Generated by org.testng.reporters.JUnitReportReporter -->
<testsuite hostname="DESKTOP-QQ8RL6I" failures="0" tests="6" name="ikame.docxreader.testsuite.TS_03_DocxReader_Logic_Edit_AddButton" time="281.779" errors="0" timestamp="17 May 2024 06:56:44 GMT">
  <testcase classname="ikame.docxreader.testsuite.TS_03_DocxReader_Logic_Edit_AddButton" name="TC_004_Logic_AddButton_From_Camera_BtnDone" time="49.670"/>
  <testcase classname="ikame.docxreader.testsuite.TS_03_DocxReader_Logic_Edit_AddButton" name="TC_002_Logic_AddButton_From_Camera" time="42.741"/>
  <testcase classname="ikame.docxreader.testsuite.TS_03_DocxReader_Logic_Edit_AddButton" name="TC_005_Logic_AddButton_From_Gallery" time="51.171"/>
  <testcase classname="ikame.docxreader.testsuite.TS_03_DocxReader_Logic_Edit_AddButton" name="TC_006_Logic_AddButton_From_Gallery_Button_Back" time="42.150"/>
  <testcase classname="ikame.docxreader.testsuite.TS_03_DocxReader_Logic_Edit_AddButton" name="TC_001_Logic_AddButton_DieuHuong" time="43.149"/>
  <testcase classname="ikame.docxreader.testsuite.TS_03_DocxReader_Logic_Edit_AddButton" name="TC_003_Logic_AddButton_From_Camera_BtnCancel" time="52.898"/>
</testsuite> <!-- ikame.docxreader.testsuite.TS_03_DocxReader_Logic_Edit_AddButton -->
