<?xml version="1.0" encoding="UTF-8"?>
<!-- Generated by org.testng.reporters.JUnitReportReporter -->
<testsuite hostname="DESKTOP-QQ8RL6I" failures="0" tests="1" name="ikame.docxreader.testsuite.TS_01_DocxReader_Logic_Camera" time="38.756" errors="0" timestamp="17 May 2024 06:49:19 GMT">
  <testcase classname="ikame.docxreader.testsuite.TS_01_DocxReader_Logic_Camera" name="TC_009_Logic_Camera_Take_Photo" time="38.756"/>
</testsuite> <!-- ikame.docxreader.testsuite.TS_01_DocxReader_Logic_Camera -->
