<?xml version="1.0" encoding="UTF-8"?>
<!-- Generated by org.testng.reporters.JUnitReportReporter -->
<testsuite hostname="DESKTOP-QQ8RL6I" failures="0" tests="1" name="ikame.docxreader.testsuite.TS_10_DocxReader_Logic_Previous_And_Next" time="71.402" errors="0" timestamp="16 May 2024 04:30:12 GMT">
  <testcase classname="ikame.docxreader.testsuite.TS_10_DocxReader_Logic_Previous_And_Next" name="TC_002_Logic_3Anh" time="71.402"/>
</testsuite> <!-- ikame.docxreader.testsuite.TS_10_DocxReader_Logic_Previous_And_Next -->
