<?xml version="1.0" encoding="UTF-8"?>
<!-- Generated by org.testng.reporters.JUnitReportReporter -->
<testsuite hostname="DESKTOP-QQ8RL6I" failures="0" tests="7" name="ikame.docxreader.testsuite.TS_03_DocxReader_Logic_Gallery" time="292.933" errors="0" timestamp="17 May 2024 07:01:40 GMT">
  <testcase classname="ikame.docxreader.testsuite.TS_03_DocxReader_Logic_Gallery" name="TC_006_Logic_Gallery_DropdownList_ThuMucKhac_NgoaiVung" time="41.316"/>
  <testcase classname="ikame.docxreader.testsuite.TS_03_DocxReader_Logic_Gallery" name="TC_007_Logic_Gallery_Back_Key" time="33.976"/>
  <testcase classname="ikame.docxreader.testsuite.TS_03_DocxReader_Logic_Gallery" name="TC_002_Logic_Gallery_Import_1Anh_1ThuMuc" time="47.477"/>
  <testcase classname="ikame.docxreader.testsuite.TS_03_DocxReader_Logic_Gallery" name="TC_005_Logic_Gallery_DropdownList_AllImage_NgoaiVung" time="34.789"/>
  <testcase classname="ikame.docxreader.testsuite.TS_03_DocxReader_Logic_Gallery" name="TC_003_Logic_Gallery_Import_2Anh_2ThuMuc" time="50.091"/>
  <testcase classname="ikame.docxreader.testsuite.TS_03_DocxReader_Logic_Gallery" name="TC_001_Logic_Gallery_Select_Folder" time="38.615"/>
  <testcase classname="ikame.docxreader.testsuite.TS_03_DocxReader_Logic_Gallery" name="TC_004_Logic_Gallery_Import_1Anh_1ThuMuc_1Anh_AllImage" time="46.669"/>
</testsuite> <!-- ikame.docxreader.testsuite.TS_03_DocxReader_Logic_Gallery -->
