<?xml version="1.0" encoding="UTF-8"?>
<!-- Generated by org.testng.reporters.JUnitReportReporter -->
<testsuite hostname="DESKTOP-QQ8RL6I" failures="0" tests="6" name="ikame.docxreader.testsuite.TS_05_DocxReader_Logic_Edit_Retake" time="289.878" errors="0" timestamp="17 May 2024 07:06:34 GMT">
  <testcase classname="ikame.docxreader.testsuite.TS_05_DocxReader_Logic_Edit_Retake" name="TC_001_Logic_Retake" time="43.325"/>
  <testcase classname="ikame.docxreader.testsuite.TS_05_DocxReader_Logic_Edit_Retake" name="TC_003_Logic_Retake_Camera_Cancel" time="51.705"/>
  <testcase classname="ikame.docxreader.testsuite.TS_05_DocxReader_Logic_Edit_Retake" name="TC_006_Logic_Retake_Gallery" time="50.452"/>
  <testcase classname="ikame.docxreader.testsuite.TS_05_DocxReader_Logic_Edit_Retake" name="TC_002_Logic_Retake_Camera" time="45.764"/>
  <testcase classname="ikame.docxreader.testsuite.TS_05_DocxReader_Logic_Edit_Retake" name="TC_004_Logic_Retake_Camera_Done" time="50.840"/>
  <testcase classname="ikame.docxreader.testsuite.TS_05_DocxReader_Logic_Edit_Retake" name="TC_005_Logic_Retake_Gallery_Button_Back" time="47.792"/>
</testsuite> <!-- ikame.docxreader.testsuite.TS_05_DocxReader_Logic_Edit_Retake -->
