<?xml version="1.0" encoding="UTF-8"?>
<!-- Generated by org.testng.reporters.JUnitReportReporter -->
<testsuite hostname="DESKTOP-QQ8RL6I" failures="0" tests="1" name="ikame.docxreader.testsuite.TS_02_DocxReader_Logic_ManHinh_Gallery" time="42.942" errors="0" timestamp="14 May 2024 09:49:29 GMT">
  <testcase classname="ikame.docxreader.testsuite.TS_02_DocxReader_Logic_ManHinh_Gallery" name="TC_004_Logic_Gallery_Import_1Anh_1ThuMuc_1Anh_AllImage" time="42.942"/>
</testsuite> <!-- ikame.docxreader.testsuite.TS_02_DocxReader_Logic_ManHinh_Gallery -->
