<?xml version="1.0" encoding="UTF-8"?>
<!-- Generated by org.testng.reporters.JUnitReportReporter -->
<testsuite hostname="DESKTOP-QQ8RL6I" failures="0" tests="6" name="ikame.docxreader.testsuite.TS_04_DocxReader_Logic_Edit_Retake" time="282.542" errors="0" timestamp="15 May 2024 06:35:09 GMT">
  <testcase classname="ikame.docxreader.testsuite.TS_04_DocxReader_Logic_Edit_Retake" name="TC_004_Logic_Retake_Camera_Done" time="51.717"/>
  <testcase classname="ikame.docxreader.testsuite.TS_04_DocxReader_Logic_Edit_Retake" name="TC_006_Logic_Retake_Gallery" time="50.197"/>
  <testcase classname="ikame.docxreader.testsuite.TS_04_DocxReader_Logic_Edit_Retake" name="TC_005_Logic_Retake_Gallery_Button_Back" time="44.700"/>
  <testcase classname="ikame.docxreader.testsuite.TS_04_DocxReader_Logic_Edit_Retake" name="TC_002_Logic_Retake_Camera" time="49.460"/>
  <testcase classname="ikame.docxreader.testsuite.TS_04_DocxReader_Logic_Edit_Retake" name="TC_003_Logic_Retake_Camera_Cancel" time="45.983"/>
  <testcase classname="ikame.docxreader.testsuite.TS_04_DocxReader_Logic_Edit_Retake" name="TC_001_Logic_Retake" time="40.485"/>
</testsuite> <!-- ikame.docxreader.testsuite.TS_04_DocxReader_Logic_Edit_Retake -->
