<?xml version="1.0" encoding="UTF-8"?>
<!-- Generated by org.testng.reporters.JUnitReportReporter -->
<testsuite hostname="DESKTOP-QQ8RL6I" failures="0" tests="3" name="ikame.docxreader.testsuite.TS_05_DocxReader_Logic_Edit_Crop" time="139.840" errors="0" timestamp="15 May 2024 08:02:56 GMT">
  <testcase classname="ikame.docxreader.testsuite.TS_05_DocxReader_Logic_Edit_Crop" name="TC_001_Logic_Button_Crop" time="47.238"/>
  <testcase classname="ikame.docxreader.testsuite.TS_05_DocxReader_Logic_Edit_Crop" name="TC_002_Logic_Button_Crop_Cancel" time="49.179"/>
  <testcase classname="ikame.docxreader.testsuite.TS_05_DocxReader_Logic_Edit_Crop" name="TC_003_Logic_Button_Crop_Done" time="43.423"/>
</testsuite> <!-- ikame.docxreader.testsuite.TS_05_DocxReader_Logic_Edit_Crop -->
