<?xml version="1.0" encoding="UTF-8"?>
<!-- Generated by org.testng.reporters.JUnitReportReporter -->
<testsuite hostname="DESKTOP-QQ8RL6I" failures="0" tests="1" name="ikame.docxreader.testsuite.TS_07_DocxReader_Logic_Edit_Reflect" time="49.527" errors="0" timestamp="15 May 2024 08:18:38 GMT">
  <testcase classname="ikame.docxreader.testsuite.TS_07_DocxReader_Logic_Edit_Reflect" name="TC_001_Logic_Button_Reflect" time="49.527"/>
</testsuite> <!-- ikame.docxreader.testsuite.TS_07_DocxReader_Logic_Edit_Reflect -->
