<?xml version="1.0" encoding="UTF-8"?>
<!-- Generated by org.testng.reporters.JUnitReportReporter -->
<testsuite hostname="DESKTOP-QQ8RL6I" failures="0" tests="1" name="ikame.docxreader.testsuite.TS_14_DocxReader_Logic_Edit_Save_PDF" time="72.377" errors="0" timestamp="17 May 2024 05:01:11 GMT">
  <testcase classname="ikame.docxreader.testsuite.TS_14_DocxReader_Logic_Edit_Save_PDF" name="TC_008_Logic_Edit_Save_PDF_Nhap_Khoang_Trang_Dau_Va_Cuoi_Textbox_Rename" time="72.377"/>
</testsuite> <!-- ikame.docxreader.testsuite.TS_14_DocxReader_Logic_Edit_Save_PDF -->
