<?xml version="1.0" encoding="UTF-8"?>
<!-- Generated by org.testng.reporters.JUnitReportReporter -->
<testsuite hostname="DESKTOP-QQ8RL6I" failures="0" tests="1" name="ikame.docxreader.testsuite.TS_08_DocxReader_Logic_Edit_Reflect" time="48.510" errors="0" timestamp="17 May 2024 07:13:46 GMT">
  <testcase classname="ikame.docxreader.testsuite.TS_08_DocxReader_Logic_Edit_Reflect" name="TC_001_Logic_Button_Reflect" time="48.510"/>
</testsuite> <!-- ikame.docxreader.testsuite.TS_08_DocxReader_Logic_Edit_Reflect -->
