<?xml version="1.0" encoding="UTF-8"?>
<!-- Generated by org.testng.reporters.JUnitReportReporter -->
<testsuite hostname="DESKTOP-QQ8RL6I" failures="0" tests="1" name="ikame.docxreader.testsuite.TS_15_DocxReader_Logic_Edit_Save_Document" time="59.327" errors="0" timestamp="17 May 2024 08:40:27 GMT">
  <testcase classname="ikame.docxreader.testsuite.TS_15_DocxReader_Logic_Edit_Save_Document" name="TC_003_Edit_Save_Document_View_File_Double_Tab" time="59.327"/>
</testsuite> <!-- ikame.docxreader.testsuite.TS_15_DocxReader_Logic_Edit_Save_Document -->
