<?xml version="1.0" encoding="UTF-8"?>
<!-- Generated by org.testng.reporters.JUnitReportReporter -->
<testsuite hostname="DESKTOP-QQ8RL6I" failures="0" tests="3" name="ikame.docxreader.testsuite.TS_06_DocxReader_Logic_Edit_Crop" time="137.692" errors="0" timestamp="17 May 2024 07:09:29 GMT">
  <testcase classname="ikame.docxreader.testsuite.TS_06_DocxReader_Logic_Edit_Crop" name="TC_001_Logic_Edit_Button_Crop" time="46.265"/>
  <testcase classname="ikame.docxreader.testsuite.TS_06_DocxReader_Logic_Edit_Crop" name="TC_002_Logic_Button_Edit_Crop_Cancel" time="47.764"/>
  <testcase classname="ikame.docxreader.testsuite.TS_06_DocxReader_Logic_Edit_Crop" name="TC_003_Logic_Button_Edit_Crop_Done" time="43.663"/>
</testsuite> <!-- ikame.docxreader.testsuite.TS_06_DocxReader_Logic_Edit_Crop -->
